Copyright 1986-2020 Xilinx, Inc. All Rights Reserved.
------------------------------------------------------------------------------------
| Tool Version : Vivado v.2020.2 (win64) Build 3064766 Wed Nov 18 09:12:45 MST 2020
| Date         : Mon Jul 24 11:09:17 2023
| Host         : WorkPC running 64-bit major release  (build 9200)
| Command      : upgrade_ip
| Device       : xc7z020clg400-2
------------------------------------------------------------------------------------

Upgrade Log for IP 'sync_fifo_2048x32b'

1. Summary
----------

SUCCESS in the upgrade of sync_fifo_2048x32b (xilinx.com:ip:fifo_generator:13.2) from (Rev. 3) to (Rev. 5)






Copyright 1986-2020 Xilinx, Inc. All Rights Reserved.
------------------------------------------------------------------------------------
| Tool Version : Vivado v.2020.2 (win64) Build 3064766 Wed Nov 18 09:12:45 MST 2020
| Date         : Mon Jul 24 11:09:16 2023
| Host         : WorkPC running 64-bit major release  (build 9200)
| Command      : upgrade_ip
| Device       : xc7z020clg400-2
------------------------------------------------------------------------------------

Upgrade Log for IP 'clk_wiz'

1. Summary
----------

SUCCESS in the upgrade of clk_wiz (xilinx.com:ip:clk_wiz:6.0) from (Rev. 2) to (Rev. 6)

