#-----------------------------------------------------------
# Vivado v2020.2 (64-bit)
# SW Build 3064766 on Wed Nov 18 09:12:45 MST 2020
# IP Build 3064653 on Wed Nov 18 14:17:31 MST 2020
# Start of session at: Thu Aug  3 15:04:04 2023
# Process ID: 20080
# Current directory: D:/Project/Qt5Proj/win10/udpLoop/Qt_Udp_Loop/21_eth_udp_loop
# Command line: vivado.exe D:\Project\Qt5Proj\win10\udpLoop\Qt_Udp_Loop\21_eth_udp_loop\eth_udp_loop.xpr
# Log file: D:/Project/Qt5Proj/win10/udpLoop/Qt_Udp_Loop/21_eth_udp_loop/vivado.log
# Journal file: D:/Project/Qt5Proj/win10/udpLoop/Qt_Udp_Loop/21_eth_udp_loop\vivado.jou
#-----------------------------------------------------------
start_gui
open_project D:/Project/Qt5Proj/win10/udpLoop/Qt_Udp_Loop/21_eth_udp_loop/eth_udp_loop.xpr
INFO: [Project 1-313] Project file moved from 'C:/Users/Administrator/Desktop/udpLoop/21_eth_udp_loop' since last save.
Scanning sources...
Finished scanning sources
INFO: [IP_Flow 19-234] Refreshing IP repositories
INFO: [IP_Flow 19-1704] No user IP repositories specified
INFO: [IP_Flow 19-2313] Loaded Vivado IP repository 'C:/Xilinx/Vivado/2020.2/data/ip'.
update_compile_order -fileset sources_1
exit
INFO: [Common 17-206] Exiting Vivado at Thu Aug  3 15:26:12 2023...
