#-----------------------------------------------------------
# Vivado v2020.2 (64-bit)
# SW Build 3064766 on Wed Nov 18 09:12:45 MST 2020
# IP Build 3064653 on Wed Nov 18 14:17:31 MST 2020
# Start of session at: Wed Aug  2 17:44:00 2023
# Process ID: 23264
# Current directory: C:/Users/Administrator/Desktop/udpLoop/Qt_Udp_Loop/21_eth_udp_loop
# Command line: vivado.exe -gui_launcher_event rodinguilauncherevent11012 C:\Users\Administrator\Desktop\udpLoop\Qt_Udp_Loop\21_eth_udp_loop\eth_udp_loop.xpr
# Log file: C:/Users/Administrator/Desktop/udpLoop/Qt_Udp_Loop/21_eth_udp_loop/vivado.log
# Journal file: C:/Users/Administrator/Desktop/udpLoop/Qt_Udp_Loop/21_eth_udp_loop\vivado.jou
#-----------------------------------------------------------
start_gui
open_project C:/Users/Administrator/Desktop/udpLoop/Qt_Udp_Loop/21_eth_udp_loop/eth_udp_loop.xpr
INFO: [Project 1-313] Project file moved from 'C:/Users/Administrator/Desktop/udpLoop/21_eth_udp_loop' since last save.
Scanning sources...
Finished scanning sources
INFO: [IP_Flow 19-234] Refreshing IP repositories
INFO: [IP_Flow 19-1704] No user IP repositories specified
INFO: [IP_Flow 19-2313] Loaded Vivado IP repository 'C:/Xilinx/Vivado/2020.2/data/ip'.
update_compile_order -fileset sources_1
open_hw_manager
connect_hw_server -allow_non_jtag
INFO: [Labtools 27-2285] Connecting to hw_server url TCP:localhost:3121
INFO: [Labtools 27-2222] Launching hw_server...
INFO: [Labtools 27-2221] Launch Output:

****** Xilinx hw_server v2020.2
  **** Build date : Nov 18 2020 at 10:01:48
    ** Copyright 1986-2020 Xilinx, Inc. All Rights Reserved.


INFO: [Labtools 27-3415] Connecting to cs_server url TCP:localhost:3042
INFO: [Labtools 27-3417] Launching cs_server...
INFO: [Labtools 27-2221] Launch Output:


******** Xilinx cs_server v2020.2
  ****** Build date   : Nov 04 2020-05:02:56
    **** Build number : 2020.2.1604437376
      ** Copyright 2017-2020 Xilinx, Inc. All Rights Reserved.



connect_hw_server: Time (s): cpu = 00:00:00 ; elapsed = 00:00:08 . Memory (MB): peak = 1142.367 ; gain = 0.000
open_hw_target
INFO: [Labtoolstcl 44-466] Opening hw_target localhost:3121/xilinx_tcf/Digilent/210512180081
set_property PROGRAM.FILE {C:/Users/Administrator/Desktop/udpLoop/Qt_Udp_Loop/21_eth_udp_loop/eth_udp_loop.runs/impl_1/eth_udp_loop.bit} [get_hw_devices xc7z020_1]
set_property PROBES.FILE {C:/Users/Administrator/Desktop/udpLoop/Qt_Udp_Loop/21_eth_udp_loop/eth_udp_loop.runs/impl_1/eth_udp_loop.ltx} [get_hw_devices xc7z020_1]
set_property FULL_PROBES.FILE {C:/Users/Administrator/Desktop/udpLoop/Qt_Udp_Loop/21_eth_udp_loop/eth_udp_loop.runs/impl_1/eth_udp_loop.ltx} [get_hw_devices xc7z020_1]
current_hw_device [get_hw_devices xc7z020_1]
refresh_hw_device [lindex [get_hw_devices xc7z020_1] 0]
INFO: [Labtools 27-2302] Device xc7z020 (JTAG device index = 1) is programmed with a design that has 1 ILA core(s).
display_hw_ila_data [ get_hw_ila_data hw_ila_data_1 -of_objects [get_hw_ilas -of_objects [get_hw_devices xc7z020_1] -filter {CELL_NAME=~"u_ila_0"}]]
set_property PROBES.FILE {C:/Users/Administrator/Desktop/udpLoop/Qt_Udp_Loop/21_eth_udp_loop/eth_udp_loop.runs/impl_1/eth_udp_loop.ltx} [get_hw_devices xc7z020_1]
set_property FULL_PROBES.FILE {C:/Users/Administrator/Desktop/udpLoop/Qt_Udp_Loop/21_eth_udp_loop/eth_udp_loop.runs/impl_1/eth_udp_loop.ltx} [get_hw_devices xc7z020_1]
set_property PROGRAM.FILE {C:/Users/Administrator/Desktop/udpLoop/Qt_Udp_Loop/21_eth_udp_loop/eth_udp_loop.runs/impl_1/eth_udp_loop.bit} [get_hw_devices xc7z020_1]
program_hw_devices [get_hw_devices xc7z020_1]
INFO: [Labtools 27-3164] End of startup status: HIGH
refresh_hw_device [lindex [get_hw_devices xc7z020_1] 0]
INFO: [Labtools 27-2302] Device xc7z020 (JTAG device index = 1) is programmed with a design that has 1 ILA core(s).
set_property PROBES.FILE {C:/Users/Administrator/Desktop/udpLoop/Qt_Udp_Loop/21_eth_udp_loop/eth_udp_loop.runs/impl_1/eth_udp_loop.ltx} [get_hw_devices xc7z020_1]
set_property FULL_PROBES.FILE {C:/Users/Administrator/Desktop/udpLoop/Qt_Udp_Loop/21_eth_udp_loop/eth_udp_loop.runs/impl_1/eth_udp_loop.ltx} [get_hw_devices xc7z020_1]
set_property PROGRAM.FILE {C:/Users/Administrator/Desktop/udpLoop/Qt_Udp_Loop/21_eth_udp_loop/eth_udp_loop.runs/impl_1/eth_udp_loop.bit} [get_hw_devices xc7z020_1]
program_hw_devices [get_hw_devices xc7z020_1]
INFO: [Labtools 27-3164] End of startup status: HIGH
refresh_hw_device [lindex [get_hw_devices xc7z020_1] 0]
INFO: [Labtools 27-2302] Device xc7z020 (JTAG device index = 1) is programmed with a design that has 1 ILA core(s).
save_wave_config {C:/Users/Administrator/Desktop/udpLoop/Qt_Udp_Loop/21_eth_udp_loop/eth_udp_loop.hw/hw_1/wave/hw_ila_data_1/hw_ila_data_1.wcfg}
exit
INFO: [Common 17-206] Exiting Vivado at Wed Aug  2 18:04:08 2023...
