#-----------------------------------------------------------
# Vivado v2020.2 (64-bit)
# SW Build 3064766 on Wed Nov 18 09:12:45 MST 2020
# IP Build 3064653 on Wed Nov 18 14:17:31 MST 2020
# Start of session at: Tue Jul 25 09:57:42 2023
# Process ID: 10816
# Current directory: C:/Users/Administrator/Desktop/udpLoop/21_eth_udp_loop
# Command line: vivado.exe -gui_launcher_event rodinguilauncherevent22244 C:\Users\Administrator\Desktop\udpLoop\21_eth_udp_loop\eth_udp_loop.xpr
# Log file: C:/Users/Administrator/Desktop/udpLoop/21_eth_udp_loop/vivado.log
# Journal file: C:/Users/Administrator/Desktop/udpLoop/21_eth_udp_loop\vivado.jou
#-----------------------------------------------------------
start_gui
open_project C:/Users/Administrator/Desktop/udpLoop/21_eth_udp_loop/eth_udp_loop.xpr
INFO: [Project 1-313] Project file moved from 'C:/Users/Administrator/Desktop/21_eth_udp_loop' since last save.
Scanning sources...
Finished scanning sources
INFO: [IP_Flow 19-234] Refreshing IP repositories
INFO: [IP_Flow 19-1704] No user IP repositories specified
INFO: [IP_Flow 19-2313] Loaded Vivado IP repository 'C:/Xilinx/Vivado/2020.2/data/ip'.
update_compile_order -fileset sources_1
exit
INFO: [Common 17-206] Exiting Vivado at Wed Jul 26 16:16:36 2023...
