#-----------------------------------------------------------
# Vivado v2020.2 (64-bit)
# SW Build 3064766 on Wed Nov 18 09:12:45 MST 2020
# IP Build 3064653 on Wed Nov 18 14:17:31 MST 2020
# Start of session at: Fri Aug  4 10:19:08 2023
# Process ID: 4956
# Current directory: D:/Project/Qt5Proj/win10/udpLoop/Qt_Udp_Loop/21_eth_udp_StreamInOut
# Command line: vivado.exe D:\Project\Qt5Proj\win10\udpLoop\Qt_Udp_Loop\21_eth_udp_StreamInOut\eth_udp_loop.xpr
# Log file: D:/Project/Qt5Proj/win10/udpLoop/Qt_Udp_Loop/21_eth_udp_StreamInOut/vivado.log
# Journal file: D:/Project/Qt5Proj/win10/udpLoop/Qt_Udp_Loop/21_eth_udp_StreamInOut\vivado.jou
#-----------------------------------------------------------
start_gui
open_project D:/Project/Qt5Proj/win10/udpLoop/Qt_Udp_Loop/21_eth_udp_StreamInOut/eth_udp_loop.xpr
Scanning sources...
Finished scanning sources
INFO: [IP_Flow 19-234] Refreshing IP repositories
INFO: [IP_Flow 19-1704] No user IP repositories specified
INFO: [IP_Flow 19-2313] Loaded Vivado IP repository 'C:/Xilinx/Vivado/2020.2/data/ip'.
open_project: Time (s): cpu = 00:00:10 ; elapsed = 00:00:05 . Memory (MB): peak = 1113.262 ; gain = 0.000
update_compile_order -fileset sources_1
open_hw_manager
connect_hw_server -allow_non_jtag
INFO: [Labtools 27-2285] Connecting to hw_server url TCP:localhost:3121
INFO: [Labtools 27-2222] Launching hw_server...
INFO: [Labtools 27-2221] Launch Output:

****** Xilinx hw_server v2020.2
  **** Build date : Nov 18 2020 at 10:01:48
    ** Copyright 1986-2020 Xilinx, Inc. All Rights Reserved.


INFO: [Labtools 27-3415] Connecting to cs_server url TCP:localhost:3042
INFO: [Labtools 27-3417] Launching cs_server...
INFO: [Labtools 27-2221] Launch Output:


******** Xilinx cs_server v2020.2
  ****** Build date   : Nov 04 2020-05:02:56
    **** Build number : 2020.2.1604437376
      ** Copyright 2017-2020 Xilinx, Inc. All Rights Reserved.



connect_hw_server: Time (s): cpu = 00:00:00 ; elapsed = 00:00:07 . Memory (MB): peak = 1184.938 ; gain = 0.000
disconnect_hw_server localhost:3121
connect_hw_server -allow_non_jtag
INFO: [Labtools 27-2285] Connecting to hw_server url TCP:localhost:3121
INFO: [Labtools 27-3415] Connecting to cs_server url TCP:localhost:3042
INFO: [Labtools 27-3414] Connected to existing cs_server.
disconnect_hw_server localhost:3121
connect_hw_server -allow_non_jtag
INFO: [Labtools 27-2285] Connecting to hw_server url TCP:localhost:3121
INFO: [Labtools 27-3415] Connecting to cs_server url TCP:localhost:3042
INFO: [Labtools 27-3414] Connected to existing cs_server.
open_hw_target
INFO: [Labtoolstcl 44-466] Opening hw_target localhost:3121/xilinx_tcf/Digilent/210512180081
set_property PROGRAM.FILE {D:/Project/Qt5Proj/win10/udpLoop/Qt_Udp_Loop/21_eth_udp_StreamInOut/eth_udp_loop.runs/impl_1/eth_udp_loop.bit} [get_hw_devices xc7z020_1]
set_property PROBES.FILE {D:/Project/Qt5Proj/win10/udpLoop/Qt_Udp_Loop/21_eth_udp_StreamInOut/eth_udp_loop.runs/impl_1/eth_udp_loop.ltx} [get_hw_devices xc7z020_1]
set_property FULL_PROBES.FILE {D:/Project/Qt5Proj/win10/udpLoop/Qt_Udp_Loop/21_eth_udp_StreamInOut/eth_udp_loop.runs/impl_1/eth_udp_loop.ltx} [get_hw_devices xc7z020_1]
current_hw_device [get_hw_devices xc7z020_1]
refresh_hw_device [lindex [get_hw_devices xc7z020_1] 0]
INFO: [Labtools 27-1435] Device xc7z020 (JTAG device index = 1) is not programmed (DONE status = 0).
set_property PROBES.FILE {D:/Project/Qt5Proj/win10/udpLoop/Qt_Udp_Loop/21_eth_udp_StreamInOut/eth_udp_loop.runs/impl_1/eth_udp_loop.ltx} [get_hw_devices xc7z020_1]
set_property FULL_PROBES.FILE {D:/Project/Qt5Proj/win10/udpLoop/Qt_Udp_Loop/21_eth_udp_StreamInOut/eth_udp_loop.runs/impl_1/eth_udp_loop.ltx} [get_hw_devices xc7z020_1]
set_property PROGRAM.FILE {D:/Project/Qt5Proj/win10/udpLoop/Qt_Udp_Loop/21_eth_udp_StreamInOut/eth_udp_loop.runs/impl_1/eth_udp_loop.bit} [get_hw_devices xc7z020_1]
program_hw_devices [get_hw_devices xc7z020_1]
INFO: [Labtools 27-3164] End of startup status: HIGH
refresh_hw_device [lindex [get_hw_devices xc7z020_1] 0]
INFO: [Labtools 27-2302] Device xc7z020 (JTAG device index = 1) is programmed with a design that has 1 ILA core(s).
display_hw_ila_data [ get_hw_ila_data hw_ila_data_1 -of_objects [get_hw_ilas -of_objects [get_hw_devices xc7z020_1] -filter {CELL_NAME=~"u_ila_0"}]]
run_hw_ila [get_hw_ilas -of_objects [get_hw_devices xc7z020_1] -filter {CELL_NAME=~"u_ila_0"}]
INFO: [Labtools 27-1964] The ILA core 'hw_ila_1' trigger was armed at 2023-Aug-04 10:21:17
wait_on_hw_ila [get_hw_ilas -of_objects [get_hw_devices xc7z020_1] -filter {CELL_NAME=~"u_ila_0"}]
display_hw_ila_data [upload_hw_ila_data [get_hw_ilas -of_objects [get_hw_devices xc7z020_1] -filter {CELL_NAME=~"u_ila_0"}]]
INFO: [Labtools 27-1966] The ILA core 'hw_ila_1' triggered at 2023-Aug-04 10:21:17
INFO: [Labtools 27-3304] ILA Waveform data saved to file D:/Project/Qt5Proj/win10/udpLoop/Qt_Udp_Loop/21_eth_udp_StreamInOut/eth_udp_loop.hw/backup/hw_ila_data_1.ila. Use Tcl command 'read_hw_ila_data' or Vivado File->Import->Import ILA Data menu item to import the previously saved data.
run_hw_ila [get_hw_ilas -of_objects [get_hw_devices xc7z020_1] -filter {CELL_NAME=~"u_ila_0"}]
INFO: [Labtools 27-1964] The ILA core 'hw_ila_1' trigger was armed at 2023-Aug-04 10:21:19
wait_on_hw_ila [get_hw_ilas -of_objects [get_hw_devices xc7z020_1] -filter {CELL_NAME=~"u_ila_0"}]
display_hw_ila_data [upload_hw_ila_data [get_hw_ilas -of_objects [get_hw_devices xc7z020_1] -filter {CELL_NAME=~"u_ila_0"}]]
INFO: [Labtools 27-1966] The ILA core 'hw_ila_1' triggered at 2023-Aug-04 10:21:19
INFO: [Labtools 27-3304] ILA Waveform data saved to file D:/Project/Qt5Proj/win10/udpLoop/Qt_Udp_Loop/21_eth_udp_StreamInOut/eth_udp_loop.hw/backup/hw_ila_data_1.ila. Use Tcl command 'read_hw_ila_data' or Vivado File->Import->Import ILA Data menu item to import the previously saved data.
run_hw_ila [get_hw_ilas -of_objects [get_hw_devices xc7z020_1] -filter {CELL_NAME=~"u_ila_0"}]
INFO: [Labtools 27-1964] The ILA core 'hw_ila_1' trigger was armed at 2023-Aug-04 10:21:25
wait_on_hw_ila [get_hw_ilas -of_objects [get_hw_devices xc7z020_1] -filter {CELL_NAME=~"u_ila_0"}]
display_hw_ila_data [upload_hw_ila_data [get_hw_ilas -of_objects [get_hw_devices xc7z020_1] -filter {CELL_NAME=~"u_ila_0"}]]
INFO: [Labtools 27-1966] The ILA core 'hw_ila_1' triggered at 2023-Aug-04 10:21:25
INFO: [Labtools 27-3304] ILA Waveform data saved to file D:/Project/Qt5Proj/win10/udpLoop/Qt_Udp_Loop/21_eth_udp_StreamInOut/eth_udp_loop.hw/backup/hw_ila_data_1.ila. Use Tcl command 'read_hw_ila_data' or Vivado File->Import->Import ILA Data menu item to import the previously saved data.
set_property PROBES.FILE {D:/Project/Qt5Proj/win10/udpLoop/Qt_Udp_Loop/21_eth_udp_StreamInOut/eth_udp_loop.runs/impl_1/eth_udp_loop.ltx} [get_hw_devices xc7z020_1]
set_property FULL_PROBES.FILE {D:/Project/Qt5Proj/win10/udpLoop/Qt_Udp_Loop/21_eth_udp_StreamInOut/eth_udp_loop.runs/impl_1/eth_udp_loop.ltx} [get_hw_devices xc7z020_1]
set_property PROGRAM.FILE {D:/Project/Qt5Proj/win10/udpLoop/Qt_Udp_Loop/21_eth_udp_StreamInOut/eth_udp_loop.runs/impl_1/eth_udp_loop.bit} [get_hw_devices xc7z020_1]
program_hw_devices [get_hw_devices xc7z020_1]
INFO: [Labtools 27-3164] End of startup status: HIGH
refresh_hw_device [lindex [get_hw_devices xc7z020_1] 0]
INFO: [Labtools 27-2302] Device xc7z020 (JTAG device index = 1) is programmed with a design that has 1 ILA core(s).
run_hw_ila [get_hw_ilas -of_objects [get_hw_devices xc7z020_1] -filter {CELL_NAME=~"u_ila_0"}]
INFO: [Labtools 27-1964] The ILA core 'hw_ila_1' trigger was armed at 2023-Aug-04 10:22:36
wait_on_hw_ila [get_hw_ilas -of_objects [get_hw_devices xc7z020_1] -filter {CELL_NAME=~"u_ila_0"}]
display_hw_ila_data [upload_hw_ila_data [get_hw_ilas -of_objects [get_hw_devices xc7z020_1] -filter {CELL_NAME=~"u_ila_0"}]]
INFO: [Labtools 27-1966] The ILA core 'hw_ila_1' triggered at 2023-Aug-04 10:22:36
INFO: [Labtools 27-3304] ILA Waveform data saved to file D:/Project/Qt5Proj/win10/udpLoop/Qt_Udp_Loop/21_eth_udp_StreamInOut/eth_udp_loop.hw/backup/hw_ila_data_1.ila. Use Tcl command 'read_hw_ila_data' or Vivado File->Import->Import ILA Data menu item to import the previously saved data.
exit
INFO: [Common 17-206] Exiting Vivado at Fri Aug  4 10:22:48 2023...
