#-----------------------------------------------------------
# Vivado v2020.2 (64-bit)
# SW Build 3064766 on Wed Nov 18 09:12:45 MST 2020
# IP Build 3064653 on Wed Nov 18 14:17:31 MST 2020
# Start of session at: Fri Aug  4 08:24:04 2023
# Process ID: 4112
# Current directory: D:/Project/Qt5Proj/win10/udpLoop/Qt_Udp_Loop/21_eth_udp_StreamInOut
# Command line: vivado.exe D:\Project\Qt5Proj\win10\udpLoop\Qt_Udp_Loop\21_eth_udp_StreamInOut\eth_udp_loop.xpr
# Log file: D:/Project/Qt5Proj/win10/udpLoop/Qt_Udp_Loop/21_eth_udp_StreamInOut/vivado.log
# Journal file: D:/Project/Qt5Proj/win10/udpLoop/Qt_Udp_Loop/21_eth_udp_StreamInOut\vivado.jou
#-----------------------------------------------------------
start_gui
open_project D:/Project/Qt5Proj/win10/udpLoop/Qt_Udp_Loop/21_eth_udp_StreamInOut/eth_udp_loop.xpr
INFO: [Project 1-313] Project file moved from 'D:/Project/Qt5Proj/win10/udpLoop/Qt_Udp_Loop/21_eth_udp_loop' since last save.
Scanning sources...
Finished scanning sources
INFO: [IP_Flow 19-234] Refreshing IP repositories
INFO: [IP_Flow 19-1704] No user IP repositories specified
INFO: [IP_Flow 19-2313] Loaded Vivado IP repository 'C:/Xilinx/Vivado/2020.2/data/ip'.
update_compile_order -fileset sources_1
rWARNING: [Common 17-9] Error reading message records.
exit
INFO: [Common 17-206] Exiting Vivado at Fri Aug  4 08:25:44 2023...
ect/Qt5Proj/win10/udpLoop/Qt_Udp_Loop/21_eth_udp_StreamInOut/eth_udp_loop.runs/synth_1

launch_runs synth_1 -jobs 20
[Fri Aug  4 08:24:48 2023] Launched synth_1...
Run output will be captured here: D:/Project/Qt5Proj/win10/udpLoop/Qt_Udp_Loop/21_eth_udp_StreamInOut/eth_udp_loop.runs/synth_1/runme.log
exit
INFO: [Common 17-206] Exiting Vivado at Fri Aug  4 08:25:41 2023...
