#-----------------------------------------------------------
# Vivado v2020.2 (64-bit)
# SW Build 3064766 on Wed Nov 18 09:12:45 MST 2020
# IP Build 3064653 on Wed Nov 18 14:17:31 MST 2020
# Start of session at: Tue Aug  8 08:53:21 2023
# Process ID: 30516
# Current directory: D:/Project/Qt5Proj/win10/udpLoop/Qt_Udp_Loop/21_eth_udp_StreamIn
# Command line: vivado.exe D:\Project\Qt5Proj\win10\udpLoop\Qt_Udp_Loop\21_eth_udp_StreamIn\eth_udp_loop.xpr
# Log file: D:/Project/Qt5Proj/win10/udpLoop/Qt_Udp_Loop/21_eth_udp_StreamIn/vivado.log
# Journal file: D:/Project/Qt5Proj/win10/udpLoop/Qt_Udp_Loop/21_eth_udp_StreamIn\vivado.jou
#-----------------------------------------------------------
start_gui
open_project D:/Project/Qt5Proj/win10/udpLoop/Qt_Udp_Loop/21_eth_udp_StreamIn/eth_udp_loop.xpr
Scanning sources...
Finished scanning sources
INFO: [IP_Flow 19-234] Refreshing IP repositories
INFO: [IP_Flow 19-1704] No user IP repositories specified
INFO: [IP_Flow 19-2313] Loaded Vivado IP repository 'C:/Xilinx/Vivado/2020.2/data/ip'.
update_compile_order -fileset sources_1
reset_run impl_1 -prev_step 
launch_runs impl_1 -to_step write_bitstream -jobs 20
[Tue Aug  8 08:53:39 2023] Launched impl_1...
Run output will be captured here: D:/Project/Qt5Proj/win10/udpLoop/Qt_Udp_Loop/21_eth_udp_StreamIn/eth_udp_loop.runs/impl_1/runme.log
open_hw_manager
connect_hw_server -allow_non_jtag
INFO: [Labtools 27-2285] Connecting to hw_server url TCP:localhost:3121
INFO: [Labtools 27-3415] Connecting to cs_server url TCP:localhost:3042
INFO: [Labtools 27-3414] Connected to existing cs_server.
open_hw_target
INFO: [Labtoolstcl 44-466] Opening hw_target localhost:3121/xilinx_tcf/Digilent/210512180081
set_property PROGRAM.FILE {D:/Project/Qt5Proj/win10/udpLoop/Qt_Udp_Loop/21_eth_udp_StreamIn/eth_udp_loop.runs/impl_1/eth_udp_loop.bit} [get_hw_devices xc7z020_1]
set_property PROBES.FILE {D:/Project/Qt5Proj/win10/udpLoop/Qt_Udp_Loop/21_eth_udp_StreamIn/eth_udp_loop.runs/impl_1/eth_udp_loop.ltx} [get_hw_devices xc7z020_1]
set_property FULL_PROBES.FILE {D:/Project/Qt5Proj/win10/udpLoop/Qt_Udp_Loop/21_eth_udp_StreamIn/eth_udp_loop.runs/impl_1/eth_udp_loop.ltx} [get_hw_devices xc7z020_1]
current_hw_device [get_hw_devices xc7z020_1]
refresh_hw_device [lindex [get_hw_devices xc7z020_1] 0]
INFO: [Labtools 27-2302] Device xc7z020 (JTAG device index = 1) is programmed with a design that has 1 ILA core(s).
WARNING: [Labtools 27-3222] Mismatch between the design programmed into the device xc7z020 (JTAG device index = 1) and the probes file(s) D:/Project/Qt5Proj/win10/udpLoop/Qt_Udp_Loop/21_eth_udp_StreamIn/eth_udp_loop.runs/impl_1/eth_udp_loop.ltx.
 The hw_probe  in the probes file has port index 8. This port does not exist in the ILA core at location (uuid_23E7D65A79BC59F7BC47406C1714DFAE).
set_property PROBES.FILE {D:/Project/Qt5Proj/win10/udpLoop/Qt_Udp_Loop/21_eth_udp_StreamIn/eth_udp_loop.runs/impl_1/eth_udp_loop.ltx} [get_hw_devices xc7z020_1]
set_property FULL_PROBES.FILE {D:/Project/Qt5Proj/win10/udpLoop/Qt_Udp_Loop/21_eth_udp_StreamIn/eth_udp_loop.runs/impl_1/eth_udp_loop.ltx} [get_hw_devices xc7z020_1]
set_property PROGRAM.FILE {D:/Project/Qt5Proj/win10/udpLoop/Qt_Udp_Loop/21_eth_udp_StreamIn/eth_udp_loop.runs/impl_1/eth_udp_loop.bit} [get_hw_devices xc7z020_1]
program_hw_devices [get_hw_devices xc7z020_1]
INFO: [Labtools 27-3164] End of startup status: HIGH
refresh_hw_device [lindex [get_hw_devices xc7z020_1] 0]
INFO: [Labtools 27-2302] Device xc7z020 (JTAG device index = 1) is programmed with a design that has 1 ILA core(s).
display_hw_ila_data [ get_hw_ila_data hw_ila_data_1 -of_objects [get_hw_ilas -of_objects [get_hw_devices xc7z020_1] -filter {CELL_NAME=~"u_ila_0"}]]
save_wave_config {D:/Project/Qt5Proj/win10/udpLoop/Qt_Udp_Loop/21_eth_udp_StreamIn/eth_udp_loop.hw/hw_1/wave/hw_ila_data_1/hw_ila_data_1.wcfg}
exit
INFO: [Common 17-206] Exiting Vivado at Tue Aug  8 09:01:29 2023...
