Copyright 1986-2020 Xilinx, Inc. All Rights Reserved.
----------------------------------------------------------------------------------------------------------------------------------------------------------
| Tool Version     : Vivado v.2020.2 (win64) Build 3064766 Wed Nov 18 09:12:45 MST 2020
| Date             : Fri Aug  4 11:26:21 2023
| Host             : WorkPC running 64-bit major release  (build 9200)
| Command          : report_power -file eth_udp_loop_power_routed.rpt -pb eth_udp_loop_power_summary_routed.pb -rpx eth_udp_loop_power_routed.rpx
| Design           : eth_udp_loop
| Device           : xc7z020clg400-2
| Design State     : routed
| Grade            : commercial
| Process          : typical
| Characterization : Production
----------------------------------------------------------------------------------------------------------------------------------------------------------

Power Report

Table of Contents
-----------------
1. Summary
1.1 On-Chip Components
1.2 Power Supply Summary
1.3 Confidence Level
2. Settings
2.1 Environment
2.2 Clock Constraints
3. Detailed Reports
3.1 By Hierarchy

1. Summary
----------

+--------------------------+--------------+
| Total On-Chip Power (W)  | 0.278        |
| Design Power Budget (W)  | Unspecified* |
| Power Budget Margin (W)  | NA           |
| Dynamic (W)              | 0.169        |
| Device Static (W)        | 0.109        |
| Effective TJA (C/W)      | 11.5         |
| Max Ambient (C)          | 81.8         |
| Junction Temperature (C) | 28.2         |
| Confidence Level         | Medium       |
| Setting File             | ---          |
| Simulation Activity File | ---          |
| Design Nets Matched      | NA           |
+--------------------------+--------------+
* Specify Design Power Budget using, set_operating_conditions -design_power_budget <value in Watts>


1.1 On-Chip Components
----------------------

+--------------------------+-----------+----------+-----------+-----------------+
| On-Chip                  | Power (W) | Used     | Available | Utilization (%) |
+--------------------------+-----------+----------+-----------+-----------------+
| Clocks                   |     0.027 |        7 |       --- |             --- |
| Slice Logic              |     0.003 |    10063 |       --- |             --- |
|   LUT as Logic           |     0.002 |     2769 |     53200 |            5.20 |
|   CARRY4                 |    <0.001 |      246 |     13300 |            1.85 |
|   Register               |    <0.001 |     5060 |    106400 |            4.76 |
|   LUT as Shift Register  |    <0.001 |      450 |     17400 |            2.59 |
|   LUT as Distributed RAM |    <0.001 |       24 |     17400 |            0.14 |
|   F7/F8 Muxes            |    <0.001 |       51 |     53200 |            0.10 |
|   Others                 |     0.000 |      500 |       --- |             --- |
| Signals                  |     0.003 |     7421 |       --- |             --- |
| Block RAM                |     0.011 |     14.5 |       140 |           10.36 |
| MMCM                     |     0.106 |        1 |         4 |           25.00 |
| I/O                      |     0.020 |       15 |       125 |           12.00 |
| Static Power             |     0.109 |          |           |                 |
| Total                    |     0.278 |          |           |                 |
+--------------------------+-----------+----------+-----------+-----------------+


1.2 Power Supply Summary
------------------------

+-----------+-------------+-----------+-------------+------------+-------------+-------------+------------+
| Source    | Voltage (V) | Total (A) | Dynamic (A) | Static (A) | Powerup (A) | Budget (A)  | Margin (A) |
+-----------+-------------+-----------+-------------+------------+-------------+-------------+------------+
| Vccint    |       1.000 |     0.052 |       0.044 |      0.008 |       NA    | Unspecified | NA         |
| Vccaux    |       1.800 |     0.072 |       0.062 |      0.011 |       NA    | Unspecified | NA         |
| Vcco33    |       3.300 |     0.005 |       0.004 |      0.001 |       NA    | Unspecified | NA         |
| Vcco25    |       2.500 |     0.000 |       0.000 |      0.000 |       NA    | Unspecified | NA         |
| Vcco18    |       1.800 |     0.000 |       0.000 |      0.000 |       NA    | Unspecified | NA         |
| Vcco15    |       1.500 |     0.000 |       0.000 |      0.000 |       NA    | Unspecified | NA         |
| Vcco135   |       1.350 |     0.000 |       0.000 |      0.000 |       NA    | Unspecified | NA         |
| Vcco12    |       1.200 |     0.000 |       0.000 |      0.000 |       NA    | Unspecified | NA         |
| Vccaux_io |       1.800 |     0.000 |       0.000 |      0.000 |       NA    | Unspecified | NA         |
| Vccbram   |       1.000 |     0.002 |       0.001 |      0.001 |       NA    | Unspecified | NA         |
| MGTAVcc   |       1.000 |     0.000 |       0.000 |      0.000 |       NA    | Unspecified | NA         |
| MGTAVtt   |       1.200 |     0.000 |       0.000 |      0.000 |       NA    | Unspecified | NA         |
| MGTVccaux |       1.800 |     0.000 |       0.000 |      0.000 |       NA    | Unspecified | NA         |
| Vccpint   |       1.000 |     0.017 |       0.000 |      0.017 |       NA    | Unspecified | NA         |
| Vccpaux   |       1.800 |     0.010 |       0.000 |      0.010 |       NA    | Unspecified | NA         |
| Vccpll    |       1.800 |     0.003 |       0.000 |      0.003 |       NA    | Unspecified | NA         |
| Vcco_ddr  |       1.500 |     0.000 |       0.000 |      0.000 |       NA    | Unspecified | NA         |
| Vcco_mio0 |       1.800 |     0.000 |       0.000 |      0.000 |       NA    | Unspecified | NA         |
| Vcco_mio1 |       1.800 |     0.000 |       0.000 |      0.000 |       NA    | Unspecified | NA         |
| Vccadc    |       1.800 |     0.020 |       0.000 |      0.020 |       NA    | Unspecified | NA         |
+-----------+-------------+-----------+-------------+------------+-------------+-------------+------------+


1.3 Confidence Level
--------------------

+-----------------------------+------------+-------------------------------------------------------+------------------------------------------------------------------------------------------------------------+
| User Input Data             | Confidence | Details                                               | Action                                                                                                     |
+-----------------------------+------------+-------------------------------------------------------+------------------------------------------------------------------------------------------------------------+
| Design implementation state | High       | Design is routed                                      |                                                                                                            |
| Clock nodes activity        | High       | User specified more than 95% of clocks                |                                                                                                            |
| I/O nodes activity          | Medium     | More than 5% of inputs are missing user specification | Provide missing input activity with simulation results or by editing the "By Resource Type -> I/Os" view   |
| Internal nodes activity     | Medium     | User specified less than 25% of internal nodes        | Provide missing internal nodes activity with simulation results or by editing the "By Resource Type" views |
| Device models               | High       | Device models are Production                          |                                                                                                            |
|                             |            |                                                       |                                                                                                            |
| Overall confidence level    | Medium     |                                                       |                                                                                                            |
+-----------------------------+------------+-------------------------------------------------------+------------------------------------------------------------------------------------------------------------+


2. Settings
-----------

2.1 Environment
---------------

+-----------------------+------------------------+
| Ambient Temp (C)      | 25.0                   |
| ThetaJA (C/W)         | 11.5                   |
| Airflow (LFM)         | 250                    |
| Heat Sink             | none                   |
| ThetaSA (C/W)         | 0.0                    |
| Board Selection       | medium (10"x10")       |
| # of Board Layers     | 8to11 (8 to 11 Layers) |
| Board Temperature (C) | 25.0                   |
+-----------------------+------------------------+


2.2 Clock Constraints
---------------------

+--------------------------------------------------------------------------------------------+----------------------------------------------------------------------+-----------------+
| Clock                                                                                      | Domain                                                               | Constraint (ns) |
+--------------------------------------------------------------------------------------------+----------------------------------------------------------------------+-----------------+
| clk_out1_clk_wiz                                                                           | u_clk_wiz/inst/clk_out1_clk_wiz                                      |             5.0 |
| clkfbout_clk_wiz                                                                           | u_clk_wiz/inst/clkfbout_clk_wiz                                      |            20.0 |
| dbg_hub/inst/BSCANID.u_xsdbm_id/SWITCH_N_EXT_BSCAN.bscan_inst/SERIES7_BSCAN.bscan_inst/TCK | dbg_hub/inst/BSCANID.u_xsdbm_id/SWITCH_N_EXT_BSCAN.bscan_inst/tck_bs |            33.0 |
| eth_rxc                                                                                    | eth_rxc                                                              |             8.0 |
| sys_clk                                                                                    | sys_clk                                                              |            20.0 |
+--------------------------------------------------------------------------------------------+----------------------------------------------------------------------+-----------------+


3. Detailed Reports
-------------------

3.1 By Hierarchy
----------------

+----------------------------------+-----------+
| Name                             | Power (W) |
+----------------------------------+-----------+
| eth_udp_loop                     |     0.169 |
|   dbg_hub                        |     0.003 |
|     inst                         |     0.003 |
|       BSCANID.u_xsdbm_id         |     0.003 |
|   u_arp                          |     0.002 |
|     u_arp_rx                     |     0.001 |
|   u_clk_wiz                      |     0.106 |
|     inst                         |     0.106 |
|   u_fifo_ctrl                    |     0.004 |
|     u_pc2fpga_sync_fifo_2048x32b |     0.002 |
|       U0                         |     0.002 |
|   u_gmii_to_rgmii                |     0.007 |
|     u_rgmii_rx                   |     0.007 |
|   u_ila_0                        |     0.028 |
|     inst                         |     0.028 |
|       ila_core_inst              |     0.027 |
|   u_udp                          |     0.004 |
|     u_udp_tx                     |     0.003 |
+----------------------------------+-----------+


